GET /api/courses 200 4931 - 186.430 ms
GET /api/courses 304 - - 17.734 ms
GET /api/courses 304 - - 43.569 ms
GET /api/courses 304 - - 26.327 ms
GET /api/courses 304 - - 24.383 ms
GET /api/courses 304 - - 24.638 ms
GET /api/courses 304 - - 48.955 ms
GET /api/courses 304 - - 22.232 ms
GET /api/courses 304 - - 35.082 ms
GET /api/courses 304 - - 25.189 ms
GET /api/courses 304 - - 23.650 ms
GET /api/courses 304 - - 21.671 ms
GET /api/courses 304 - - 25.078 ms
GET /api/courses 304 - - 23.020 ms
GET /api/courses 304 - - 73.348 ms
GET /api/courses/JAVA 200 127 - 20.052 ms
GET /api/courses/JAVA 200 1020 - 161.992 ms
GET /api/courses/JAVA 304 - - 13.824 ms
GET /api/courses/JAVA 304 - - 12.875 ms
GET /api/courses/JAVA 304 - - 6.222 ms
GET /api/courses/JAVA 304 - - 8.045 ms
GET /api/courses/JAVA 304 - - 6.749 ms
GET /api/courses/JAVA 304 - - 5.677 ms
GET /api/courses/JAVA 304 - - 8.620 ms
GET /api/courses 304 - - 36.743 ms
GET /api/courses/JAVA 304 - - 4.622 ms
GET /api/courses/JAVA 304 - - 4.994 ms
GET /api/courses/JAVA 304 - - 9.020 ms
GET /api/courses/JAVA 304 - - 6.752 ms
GET /api/courses/JAVA 200 1480 - 226.679 ms
GET /api/courses/JAVA 304 - - 37.256 ms
GET /api/courses/JAVA 304 - - 18.407 ms
GET /api/courses/JAVA 304 - - 17.292 ms
GET /api/courses/JAVA 304 - - 11.977 ms
GET /api/courses/JAVA 304 - - 14.801 ms
GET /api/courses/JAVA 304 - - 15.400 ms
GET /api/courses/JAVA 304 - - 19.552 ms
GET /api/courses/JAVA 304 - - 15.303 ms
GET /api/courses/JAVA 304 - - 17.433 ms
GET /api/courses/JAVA 304 - - 15.379 ms
GET /api/courses/JAVA 304 - - 18.916 ms
GET /api/courses/JAVA 304 - - 33.950 ms
GET /api/courses/JAVA 304 - - 13.123 ms
GET /api/courses/JAVA 304 - - 28.185 ms
GET /api/courses 304 - - 42.940 ms
GET /api/courses/HTML 200 8423 - 13.892 ms
GET /api/courses 304 - - 28.891 ms
GET /api/courses 304 - - 40.884 ms
GET /api/courses 304 - - 32.917 ms
GET /api/courses 304 - - 24.423 ms
GET /api/courses 304 - - 20.420 ms
GET /api/courses 304 - - 19.178 ms
GET /api/courses 304 - - 52.583 ms
GET /api/courses 304 - - 72.196 ms
GET /api/courses 304 - - 20.888 ms
GET /api/courses 304 - - 29.497 ms
GET /api/courses/JAVA 304 - - 31.270 ms
GET /api/courses/JAVA 304 - - 16.204 ms
GET /api/courses/JAVA 304 - - 17.862 ms
GET /api/courses/JAVA 304 - - 16.790 ms
GET /api/courses/JAVA 304 - - 17.029 ms
GET /api/courses 304 - - 30.267 ms
GET /api/courses 304 - - 55.982 ms
GET /api/courses 304 - - 26.653 ms
GET /api/courses 304 - - 23.325 ms
GET /api/courses 304 - - 25.450 ms
GET /api/courses 304 - - 41.255 ms
GET /api/courses 304 - - 25.889 ms
GET /api/courses 200 4931 - 20.795 ms
GET /api/courses 304 - - 22.838 ms
GET /api/courses 304 - - 30.034 ms
GET /api/courses 304 - - 22.907 ms
GET /api/courses 304 - - 33.996 ms
GET /api/courses 304 - - 24.354 ms
GET /api/courses 304 - - 56.415 ms
GET /api/courses 304 - - 31.632 ms
GET /api/courses 304 - - 46.162 ms
GET /api/courses 304 - - 48.211 ms
GET /api/courses/JAVA 200 1480 - 62.119 ms
GET /api/courses 304 - - 45.665 ms
GET /api/courses 304 - - 33.180 ms
GET /api/courses 304 - - 40.261 ms
GET /api/courses 304 - - 36.724 ms
GET /api/courses 304 - - 24.374 ms
GET /api/courses/JAVA 304 - - 26.654 ms
GET /api/courses 304 - - 63.712 ms
GET /api/courses 304 - - 30.426 ms
GET /api/courses 304 - - 41.656 ms
GET /api/courses 304 - - 33.947 ms
GET /api/courses 304 - - 93.439 ms
GET /api/courses 304 - - 53.418 ms
GET /api/courses 304 - - 103.929 ms
GET /api/courses 304 - - 59.569 ms
GET /api/courses 304 - - 102.065 ms
GET /api/courses/JAVA 304 - - 25.526 ms
GET /api/courses 304 - - 38.773 ms
GET /api/courses 304 - - 25.019 ms
GET /api/courses 304 - - 35.523 ms
GET /api/courses 304 - - 21.510 ms
GET /api/courses 304 - - 36.925 ms
GET /api/courses 304 - - 110.917 ms
GET /api/courses 304 - - 58.702 ms
GET /api/courses 304 - - 22.412 ms
GET /api/courses 304 - - 40.974 ms
GET /api/courses 304 - - 34.847 ms
GET /api/courses 304 - - 25.638 ms
GET /api/courses 304 - - 29.475 ms
GET /api/courses 304 - - 42.113 ms
GET /api/courses 304 - - 24.700 ms
GET /api/courses 304 - - 26.514 ms
GET /api/courses 304 - - 23.128 ms
GET /api/courses/JAVA 304 - - 16.716 ms
GET /api/courses 304 - - 33.128 ms
GET /api/courses 304 - - 26.615 ms
GET /api/courses/JAVA 304 - - 15.473 ms
GET /api/courses 304 - - 29.715 ms
GET /api/courses/JAVA 304 - - 15.478 ms
GET /api/courses 304 - - 26.286 ms
GET /api/courses 304 - - 23.028 ms
GET /api/courses/JAVA 304 - - 65.080 ms
GET /api/courses 304 - - 19.867 ms
GET /api/courses 304 - - 21.931 ms
GET /api/courses 304 - - 15.182 ms
GET /api/courses 304 - - 14.308 ms
GET /api/courses 304 - - 23.080 ms
GET /api/courses/java 200 4 - 3.376 ms
GET /api/courses/java 304 - - 2.563 ms
GET /api/courses/java 304 - - 2.691 ms
GET /api/courses/java 304 - - 2.113 ms
GET /api/courses 304 - - 20.250 ms
GET /api/courses/JAVA 304 - - 100.927 ms
GET /api/courses/JAVA 304 - - 14.389 ms
GET /api/courses 304 - - 24.964 ms
GET /api/courses 304 - - 23.446 ms
GET /api/courses 304 - - 25.239 ms
GET /api/courses 304 - - 22.570 ms
GET /api/courses/JAVA 304 - - 38.282 ms
GET /api/courses/JAVA 304 - - 15.855 ms
GET /api/courses/JAVA 304 - - 16.339 ms
GET /api/courses/JAVA 304 - - 20.415 ms
GET /api/courses 304 - - 40.962 ms
GET /api/courses/JAVA 304 - - 31.291 ms
GET /api/courses/JAVA 304 - - 15.833 ms
GET /api/courses/JAVA 304 - - 15.351 ms
GET /api/courses/JAVA 304 - - 16.350 ms
GET /api/courses/JAVA 304 - - 14.596 ms
GET /api/courses/JAVA 304 - - 13.704 ms
GET /api/courses 304 - - 25.381 ms
GET /api/courses 304 - - 18.480 ms
GET /api/courses/JAVA 304 - - 16.375 ms
GET /api/courses/JAVA 304 - - 15.663 ms
GET /api/courses/JAVA 304 - - 51.915 ms
GET /api/courses/JAVA 304 - - 17.904 ms
GET /api/courses 304 - - 26.225 ms
GET /api/courses 304 - - 20.551 ms
GET /api/courses 304 - - 59.486 ms
GET /api/courses 304 - - 16.143 ms
GET /api/courses 304 - - 22.387 ms
GET /api/courses 304 - - 31.305 ms
GET /api/courses 304 - - 24.015 ms
GET /api/courses 304 - - 22.901 ms
GET /api/courses 304 - - 23.539 ms
GET /api/courses 304 - - 77.062 ms
GET /api/courses 304 - - 15.756 ms
GET /api/courses 304 - - 20.519 ms
GET /api/courses 304 - - 16.208 ms
GET /api/courses 304 - - 22.296 ms
GET /api/courses 304 - - 22.707 ms
GET /api/courses 304 - - 37.021 ms
GET /api/courses/JAVA 304 - - 10.615 ms
GET /api/courses/JAVA 304 - - 13.362 ms
GET /api/courses/JAVA 304 - - 15.478 ms
GET /api/courses/JAVA 304 - - 12.095 ms
GET /api/courses/JAVA 304 - - 13.819 ms
GET /api/courses/JAVA 304 - - 23.703 ms
GET /api/courses/JAVA 304 - - 23.757 ms
GET /api/courses/JAVA 304 - - 17.235 ms
GET /api/courses/JAVA 304 - - 51.383 ms
GET /api/courses/JAVA 304 - - 14.904 ms
GET /api/courses/JAVA 304 - - 14.726 ms
GET /api/courses/JAVA 304 - - 14.692 ms
GET /api/courses/JAVA 304 - - 17.225 ms
GET /api/courses/JAVA 304 - - 13.998 ms
GET /api/courses/JAVA 304 - - 9.107 ms
GET /api/courses 304 - - 21.807 ms
GET /api/courses/HTML 200 8423 - 79.580 ms
GET /api/courses/HTML 304 - - 11.715 ms
GET /api/courses/HTML 304 - - 36.066 ms
GET /api/courses 304 - - 36.719 ms
GET /api/courses/JAVA 304 - - 10.150 ms
GET /api/courses/JAVA 304 - - 16.767 ms
GET /api/courses/JAVA 304 - - 14.209 ms
GET /api/courses/JAVA 304 - - 15.958 ms
GET /api/courses/JAVA 304 - - 20.656 ms
GET /api/courses/JAVA 304 - - 11.052 ms
GET /api/courses/JAVA 304 - - 18.934 ms
GET /api/modules/1 500 124 - 27.919 ms
GET /api/modules/1?courseId=JAVA 500 124 - 6.177 ms
GET /api/modules/1 500 124 - 3.291 ms
GET /api/courses 200 2 - 13.375 ms
GET /api/courses 200 4931 - 39.384 ms
GET /api/courses 304 - - 35.775 ms
GET /api/courses 304 - - 24.565 ms
GET /api/courses/HTML 200 8423 - 25.994 ms
GET /api/modules/1 500 124 - 17.438 ms
GET /api/courses/HTML 304 - - 25.632 ms
GET /api/courses/HTML 304 - - 19.063 ms
GET /api/modules/56ab1b314746dd400d46c156 200 4 - 5.274 ms
GET /api/modules/56ab1b314746dd400d46c156 500 17 - 7.356 ms
GET /api/modules/56ab1b314746dd400d46c156 200 1869 - 45.736 ms
GET /api/modules/56ab1b314746dd400d46c156 304 - - 13.058 ms
GET /api/modules/56ab1b314746dd400d46c156 304 - - 9.074 ms
GET /api/modules/56ab1b314746dd400d46c156 304 - - 9.796 ms
GET /api/modules/56ab1b314746dd400d46c156 304 - - 9.557 ms
GET /api/modules/56ab1b314746dd400d46c156 304 - - 8.947 ms
GET /api/modules/56ab1b314746dd400d46c156 304 - - 8.083 ms
GET /api/modules/56ab1b314746dd400d46c156 304 - - 10.386 ms
GET /api/modules/56ab1b314746dd400d46c156 304 - - 16.437 ms
GET /api/courses/HTML 304 - - 25.081 ms
GET /api/courses 304 - - 15.214 ms
GET /api/courses/HTML 304 - - 27.531 ms
GET /api/modules/56ab1b314746dd400d46c156 304 - - 10.885 ms
GET /api/modules/56ab1b314746dd400d46c156 304 - - 14.994 ms
